# Logfile created on 2014-01-15 18:13:09 -0500 by logger.rb/44203
I, [2014-01-15T18:13:09.404542 #25116]  INFO -- : 0:  rake (10.1.1) from /Users/rgil/.rvm/gems/ruby-2.1.0/specifications/rake-10.1.1.gemspec
I, [2014-01-15T18:13:09.404967 #25116]  INFO -- : 0:  i18n (0.6.9) from /Users/rgil/.rvm/gems/ruby-2.1.0@global/specifications/i18n-0.6.9.gemspec
I, [2014-01-15T18:13:09.405275 #25116]  INFO -- : 0:  minitest (4.7.5) from /Users/rgil/.rvm/rubies/ruby-2.1.0/lib/ruby/gems/2.1.0/specifications/default/minitest-4.7.5.gemspec
I, [2014-01-15T18:13:09.405510 #25116]  INFO -- : 0:  multi_json (1.8.4) from /Users/rgil/.rvm/gems/ruby-2.1.0@global/specifications/multi_json-1.8.4.gemspec
I, [2014-01-15T18:13:09.405738 #25116]  INFO -- : 0:  atomic (1.1.14) from /Users/rgil/.rvm/gems/ruby-2.1.0@global/specifications/atomic-1.1.14.gemspec
I, [2014-01-15T18:13:09.405956 #25116]  INFO -- : 0:  thread_safe (0.1.3) from /Users/rgil/.rvm/gems/ruby-2.1.0@global/specifications/thread_safe-0.1.3.gemspec
I, [2014-01-15T18:13:09.406171 #25116]  INFO -- : 0:  tzinfo (0.3.38) from /Users/rgil/.rvm/gems/ruby-2.1.0@global/specifications/tzinfo-0.3.38.gemspec
I, [2014-01-15T18:13:09.406387 #25116]  INFO -- : 0:  activesupport (4.0.2) from /Users/rgil/.rvm/gems/ruby-2.1.0@global/specifications/activesupport-4.0.2.gemspec
I, [2014-01-15T18:13:09.406603 #25116]  INFO -- : 0:  builder (3.1.4) from /Users/rgil/.rvm/gems/ruby-2.1.0@global/specifications/builder-3.1.4.gemspec
I, [2014-01-15T18:13:09.406813 #25116]  INFO -- : 0:  erubis (2.7.0) from /Users/rgil/.rvm/gems/ruby-2.1.0@global/specifications/erubis-2.7.0.gemspec
I, [2014-01-15T18:13:09.407024 #25116]  INFO -- : 0:  rack (1.5.2) from /Users/rgil/.rvm/gems/ruby-2.1.0@global/specifications/rack-1.5.2.gemspec
I, [2014-01-15T18:13:09.407234 #25116]  INFO -- : 0:  rack-test (0.6.2) from /Users/rgil/.rvm/gems/ruby-2.1.0@global/specifications/rack-test-0.6.2.gemspec
I, [2014-01-15T18:13:09.407446 #25116]  INFO -- : 0:  actionpack (4.0.2) from /Users/rgil/.rvm/gems/ruby-2.1.0@global/specifications/actionpack-4.0.2.gemspec
I, [2014-01-15T18:13:09.407654 #25116]  INFO -- : 0:  mime-types (1.25.1) from /Users/rgil/.rvm/gems/ruby-2.1.0@global/specifications/mime-types-1.25.1.gemspec
I, [2014-01-15T18:13:09.407862 #25116]  INFO -- : 0:  polyglot (0.3.3) from /Users/rgil/.rvm/gems/ruby-2.1.0@global/specifications/polyglot-0.3.3.gemspec
I, [2014-01-15T18:13:09.408070 #25116]  INFO -- : 0:  treetop (1.4.15) from /Users/rgil/.rvm/gems/ruby-2.1.0@global/specifications/treetop-1.4.15.gemspec
I, [2014-01-15T18:13:09.408276 #25116]  INFO -- : 0:  mail (2.5.4) from /Users/rgil/.rvm/gems/ruby-2.1.0@global/specifications/mail-2.5.4.gemspec
I, [2014-01-15T18:13:09.408489 #25116]  INFO -- : 0:  actionmailer (4.0.2) from /Users/rgil/.rvm/gems/ruby-2.1.0@global/specifications/actionmailer-4.0.2.gemspec
I, [2014-01-15T18:13:09.408702 #25116]  INFO -- : 0:  activemodel (4.0.2) from /Users/rgil/.rvm/gems/ruby-2.1.0@global/specifications/activemodel-4.0.2.gemspec
I, [2014-01-15T18:13:09.408922 #25116]  INFO -- : 0:  activerecord-deprecated_finders (1.0.3) from /Users/rgil/.rvm/gems/ruby-2.1.0@global/specifications/activerecord-deprecated_finders-1.0.3.gemspec
I, [2014-01-15T18:13:09.409143 #25116]  INFO -- : 0:  arel (4.0.1) from /Users/rgil/.rvm/gems/ruby-2.1.0@global/specifications/arel-4.0.1.gemspec
I, [2014-01-15T18:13:09.409357 #25116]  INFO -- : 0:  activerecord (4.0.2) from /Users/rgil/.rvm/gems/ruby-2.1.0@global/specifications/activerecord-4.0.2.gemspec
I, [2014-01-15T18:13:09.409555 #25116]  INFO -- : 0:  bundler (1.5.1) from /Users/rgil/.rvm/gems/ruby-2.1.0@global/specifications/bundler-1.5.1.gemspec
I, [2014-01-15T18:13:09.409760 #25116]  INFO -- : 0:  coffee-script-source (1.6.3) from /Users/rgil/.rvm/gems/ruby-2.1.0/specifications/coffee-script-source-1.6.3.gemspec
I, [2014-01-15T18:13:09.409967 #25116]  INFO -- : 0:  execjs (2.0.2) from /Users/rgil/.rvm/gems/ruby-2.1.0/specifications/execjs-2.0.2.gemspec
I, [2014-01-15T18:13:09.410172 #25116]  INFO -- : 0:  coffee-script (2.2.0) from /Users/rgil/.rvm/gems/ruby-2.1.0/specifications/coffee-script-2.2.0.gemspec
I, [2014-01-15T18:13:09.410390 #25116]  INFO -- : 0:  thor (0.18.1) from /Users/rgil/.rvm/gems/ruby-2.1.0@global/specifications/thor-0.18.1.gemspec
I, [2014-01-15T18:13:09.410598 #25116]  INFO -- : 0:  railties (4.0.2) from /Users/rgil/.rvm/gems/ruby-2.1.0@global/specifications/railties-4.0.2.gemspec
I, [2014-01-15T18:13:09.410804 #25116]  INFO -- : 0:  coffee-rails (4.0.1) from /Users/rgil/.rvm/gems/ruby-2.1.0/specifications/coffee-rails-4.0.1.gemspec
I, [2014-01-15T18:13:09.411012 #25116]  INFO -- : 0:  hike (1.2.3) from /Users/rgil/.rvm/gems/ruby-2.1.0@global/specifications/hike-1.2.3.gemspec
I, [2014-01-15T18:13:09.411222 #25116]  INFO -- : 0:  jbuilder (1.5.3) from /Users/rgil/.rvm/gems/ruby-2.1.0/specifications/jbuilder-1.5.3.gemspec
I, [2014-01-15T18:13:09.411431 #25116]  INFO -- : 0:  jquery-rails (3.0.4) from /Users/rgil/.rvm/gems/ruby-2.1.0/specifications/jquery-rails-3.0.4.gemspec
I, [2014-01-15T18:13:09.411630 #25116]  INFO -- : 0:  json (1.8.1) from /Users/rgil/.rvm/rubies/ruby-2.1.0/lib/ruby/gems/2.1.0/specifications/default/json-1.8.1.gemspec
I, [2014-01-15T18:13:09.411840 #25116]  INFO -- : 0:  tilt (1.4.1) from /Users/rgil/.rvm/gems/ruby-2.1.0@global/specifications/tilt-1.4.1.gemspec
I, [2014-01-15T18:13:09.412057 #25116]  INFO -- : 0:  sprockets (2.10.1) from /Users/rgil/.rvm/gems/ruby-2.1.0@global/specifications/sprockets-2.10.1.gemspec
I, [2014-01-15T18:13:09.412273 #25116]  INFO -- : 0:  sprockets-rails (2.0.1) from /Users/rgil/.rvm/gems/ruby-2.1.0@global/specifications/sprockets-rails-2.0.1.gemspec
I, [2014-01-15T18:13:09.412488 #25116]  INFO -- : 0:  rails (4.0.2) from /Users/rgil/.rvm/gems/ruby-2.1.0@global/specifications/rails-4.0.2.gemspec
I, [2014-01-15T18:13:09.412708 #25116]  INFO -- : 0:  rdoc (4.1.1) from /Users/rgil/.rvm/gems/ruby-2.1.0/specifications/rdoc-4.1.1.gemspec
I, [2014-01-15T18:13:09.412912 #25116]  INFO -- : 0:  sass (3.2.13) from /Users/rgil/.rvm/gems/ruby-2.1.0/specifications/sass-3.2.13.gemspec
I, [2014-01-15T18:13:09.413117 #25116]  INFO -- : 0:  sass-rails (4.0.1) from /Users/rgil/.rvm/gems/ruby-2.1.0/specifications/sass-rails-4.0.1.gemspec
I, [2014-01-15T18:13:09.413327 #25116]  INFO -- : 0:  sdoc (0.4.0) from /Users/rgil/.rvm/gems/ruby-2.1.0/specifications/sdoc-0.4.0.gemspec
I, [2014-01-15T18:13:09.413525 #25116]  INFO -- : 0:  sqlite3 (1.3.8) from /Users/rgil/.rvm/gems/ruby-2.1.0/specifications/sqlite3-1.3.8.gemspec
I, [2014-01-15T18:13:09.413740 #25116]  INFO -- : 0:  turbolinks (2.2.0) from /Users/rgil/.rvm/gems/ruby-2.1.0/specifications/turbolinks-2.2.0.gemspec
I, [2014-01-15T18:13:09.413951 #25116]  INFO -- : 0:  uglifier (2.4.0) from /Users/rgil/.rvm/gems/ruby-2.1.0/specifications/uglifier-2.4.0.gemspec
